C51 COMPILER V9.60.0.0   DELAY                                                             11/07/2020 20:17:53 PAGE 1   


C51 COMPILER V9.60.0.0, COMPILATION OF MODULE DELAY
OBJECT MODULE PLACED IN .\Objects\Delay.obj
COMPILER INVOKED BY: C:\Keil_v5\C51\BIN\C51.EXE Delay.c OPTIMIZE(8,SPEED) BROWSE DEBUG OBJECTEXTEND PRINT(.\Listings\Del
                    -ay.lst) TABS(2) OBJECT(.\Objects\Delay.obj)

line level    source

   1          #include "Delay.h"
   2          
   3          /*
   4          *Desc: This file provides 3 functions to simulate the timer 
   5          */
   6          
   7          void delay_1ms()
   8          {
   9   1        unsigned int temp; //this is specified based on the crystall frequency
  10   1        for(temp=120;temp>0;temp--);
  11   1      }
  12          void delay_ms(unsigned int x)
  13          {
  14   1        unsigned int i;
  15   1        for(i=0;i<x;i++)
  16   1          delay_1ms();
  17   1      }
  18          void delay_s(unsigned int numSeconds)
  19          {
  20   1        unsigned int x;
  21   1        unsigned int milliSeconds;
  22   1        milliSeconds=numSeconds*1000;
  23   1        for(x=0;x<milliSeconds;x++)
  24   1        {
  25   2          delay_1ms();
  26   2        }
  27   1      }


MODULE INFORMATION:   STATIC OVERLAYABLE
   CODE SIZE        =     71    ----
   CONSTANT SIZE    =   ----    ----
   XDATA SIZE       =   ----    ----
   PDATA SIZE       =   ----    ----
   DATA SIZE        =   ----    ----
   IDATA SIZE       =   ----    ----
   BIT SIZE         =   ----    ----
END OF MODULE INFORMATION.


C51 COMPILATION COMPLETE.  0 WARNING(S),  0 ERROR(S)
