C51 COMPILER V9.60.0.0   MAIN                                                              11/07/2020 19:04:22 PAGE 1   


C51 COMPILER V9.60.0.0, COMPILATION OF MODULE MAIN
OBJECT MODULE PLACED IN .\Objects\main.obj
COMPILER INVOKED BY: C:\Keil_v5\C51\BIN\C51.EXE main.c OPTIMIZE(8,SPEED) BROWSE DEBUG OBJECTEXTEND PRINT(.\Listings\main
                    -.lst) TABS(2) OBJECT(.\Objects\main.obj)

line level    source

   1          #include <reg52.h>
   2          
   3          /*
   4          *Author: ahmed mohamed
   5          *Desc: output 5 Volt at port 3 pin 0
   6          */
   7          
   8          //initializing the functions 
   9          void init();
  10          void run();
  11          
  12          //defining the global variables 
  13          sbit LED= P3^0;
  14          sbit BUTTON= P2^0;
  15          
  16          void main(void){
  17   1        //initilize 
  18   1        void init();
  19   1        //do the logic 
  20   1        void run();
  21   1      }
  22          void init(){
  23   1        //the led is output and botton is input
  24   1        LED=0;
  25   1        BUTTON=1;
  26   1      }
  27          void run(){
  28   1        while(1){
  29   2          if(BUTTON==0){
  30   3            //reads the groung
  31   3            LED=1;
  32   3          }else{
  33   3            LED=0;
  34   3          }
  35   2        }
  36   1      }
  37          
  38          


MODULE INFORMATION:   STATIC OVERLAYABLE
   CODE SIZE        =     17    ----
   CONSTANT SIZE    =   ----    ----
   XDATA SIZE       =   ----    ----
   PDATA SIZE       =   ----    ----
   DATA SIZE        =   ----    ----
   IDATA SIZE       =   ----    ----
   BIT SIZE         =   ----    ----
END OF MODULE INFORMATION.


C51 COMPILATION COMPLETE.  0 WARNING(S),  0 ERROR(S)
